<?xml version="1.0" encoding="UTF-8"?>
<testng-results skipped="0" failed="0" ignored="0" total="1" passed="1">
  <reporter-output>
  </reporter-output>
  <suite name="Default suite" duration-ms="23378" started-at="2020-07-14T08:23:45 IST" finished-at="2020-07-14T08:24:09 IST">
    <groups>
    </groups>
    <test name="Default test" duration-ms="23378" started-at="2020-07-14T08:23:45 IST" finished-at="2020-07-14T08:24:09 IST">
      <class name="com.qa.mob.keyword.tests.Mobiletest">
        <test-method status="PASS" signature="SearchTest()[pri:0, instance:com.qa.mob.keyword.tests.Mobiletest@30b8a058]" name="SearchTest" duration-ms="23300" started-at="2020-07-14T08:23:45 IST" finished-at="2020-07-14T08:24:09 IST">
          <reporter-output>
          </reporter-output>
        </test-method> <!-- SearchTest -->
      </class> <!-- com.qa.mob.keyword.tests.Mobiletest -->
    </test> <!-- Default test -->
  </suite> <!-- Default suite -->
</testng-results>
